# JRE version: Java(TM) SE Runtime Environment (8.0_131-b11) (build 1.8.0_131-b11)
# Java VM: Java HotSpot(TM) 64-Bit Server VM (25.131-b11 mixed mode windows-amd64 compressed oops)
Heap:
 PSYoungGen      total 82432K, used 27583K [0x00000000e0000000, 0x00000000e5d00000, 0x0000000100000000)
  eden space 71680K, 26% used [0x00000000e0000000,0x00000000e12b1380,0x00000000e4600000)
  from space 10752K, 78% used [0x00000000e5100000,0x00000000e593e8e8,0x00000000e5b80000)
  to   space 11264K, 0% used [0x00000000e4600000,0x00000000e4600000,0x00000000e5100000)
 ParOldGen       total 59904K, used 17859K [0x00000000a0000000, 0x00000000a3a80000, 0x00000000e0000000)
  object space 59904K, 29% used [0x00000000a0000000,0x00000000a1170c18,0x00000000a3a80000)
 Metaspace       used 43296K, capacity 44618K, committed 44800K, reserved 1087488K
  class space    used 6023K, capacity 6361K, committed 6400K, reserved 1048576K
GC Heap History (10 events):
Event: 12.453 GC heap before
{Heap before GC invocations=10 (full 1):
 PSYoungGen      total 62464K, used 58808K [0x00000000e0000000, 0x00000000e4800000, 0x0000000100000000)
  eden space 53248K, 100% used [0x00000000e0000000,0x00000000e3400000,0x00000000e3400000)
  from space 9216K, 60% used [0x00000000e3f00000,0x00000000e446e370,0x00000000e4800000)
  to   space 10240K, 0% used [0x00000000e3400000,0x00000000e3400000,0x00000000e3e00000)
 ParOldGen       total 59904K, used 8928K [0x00000000a0000000, 0x00000000a3a80000, 0x00000000e0000000)
  object space 59904K, 14% used [0x00000000a0000000,0x00000000a08b80e8,0x00000000a3a80000)
 Metaspace       used 32127K, capacity 32812K, committed 32896K, reserved 1077248K
  class space    used 4459K, capacity 4660K, committed 4736K, reserved 1048576K
Event: 12.470 GC heap after
Heap after GC invocations=10 (full 1):
 PSYoungGen      total 63488K, used 9073K [0x00000000e0000000, 0x00000000e5b80000, 0x0000000100000000)
  eden space 53248K, 0% used [0x00000000e0000000,0x00000000e0000000,0x00000000e3400000)
  from space 10240K, 88% used [0x00000000e3400000,0x00000000e3cdc530,0x00000000e3e00000)
  to   space 10752K, 0% used [0x00000000e5100000,0x00000000e5100000,0x00000000e5b80000)
 ParOldGen       total 59904K, used 8936K [0x00000000a0000000, 0x00000000a3a80000, 0x00000000e0000000)
  object space 59904K, 14% used [0x00000000a0000000,0x00000000a08ba0e8,0x00000000a3a80000)
 Metaspace       used 32127K, capacity 32812K, committed 32896K, reserved 1077248K
  class space    used 4459K, capacity 4660K, committed 4736K, reserved 1048576K
}
Event: 13.703 GC heap before
{Heap before GC invocations=11 (full 1):
 PSYoungGen      total 63488K, used 62321K [0x00000000e0000000, 0x00000000e5b80000, 0x0000000100000000)
  eden space 53248K, 100% used [0x00000000e0000000,0x00000000e3400000,0x00000000e3400000)
  from space 10240K, 88% used [0x00000000e3400000,0x00000000e3cdc530,0x00000000e3e00000)
  to   space 10752K, 0% used [0x00000000e5100000,0x00000000e5100000,0x00000000e5b80000)
 ParOldGen       total 59904K, used 8936K [0x00000000a0000000, 0x00000000a3a80000, 0x00000000e0000000)
  object space 59904K, 14% used [0x00000000a0000000,0x00000000a08ba0e8,0x00000000a3a80000)
 Metaspace       used 34410K, capacity 35210K, committed 35328K, reserved 1079296K
  class space    used 4848K, capacity 5046K, committed 5120K, reserved 1048576K
Event: 13.722 GC heap after
Heap after GC invocations=11 (full 1):
 PSYoungGen      total 82432K, used 8997K [0x00000000e0000000, 0x00000000e5d00000, 0x0000000100000000)
  eden space 71680K, 0% used [0x00000000e0000000,0x00000000e0000000,0x00000000e4600000)
  from space 10752K, 83% used [0x00000000e5100000,0x00000000e59c9670,0x00000000e5b80000)
  to   space 11264K, 0% used [0x00000000e4600000,0x00000000e4600000,0x00000000e5100000)
 ParOldGen       total 59904K, used 11905K [0x00000000a0000000, 0x00000000a3a80000, 0x00000000e0000000)
  object space 59904K, 19% used [0x00000000a0000000,0x00000000a0ba07f0,0x00000000a3a80000)
 Metaspace       used 34410K, capacity 35210K, committed 35328K, reserved 1079296K
  class space    used 4848K, capacity 5046K, committed 5120K, reserved 1048576K
}
Event: 13.795 GC heap before
{Heap before GC invocations=12 (full 1):
 PSYoungGen      total 82432K, used 18631K [0x00000000e0000000, 0x00000000e5d00000, 0x0000000100000000)
  eden space 71680K, 13% used [0x00000000e0000000,0x00000000e0968978,0x00000000e4600000)
  from space 10752K, 83% used [0x00000000e5100000,0x00000000e59c9670,0x00000000e5b80000)
  to   space 11264K, 0% used [0x00000000e4600000,0x00000000e4600000,0x00000000e5100000)
 ParOldGen       total 59904K, used 11905K [0x00000000a0000000, 0x00000000a3a80000, 0x00000000e0000000)
  object space 59904K, 19% used [0x00000000a0000000,0x00000000a0ba07f0,0x00000000a3a80000)
 Metaspace       used 34637K, capacity 35404K, committed 35416K, reserved 1079296K
  class space    used 4887K, capacity 5112K, committed 5120K, reserved 1048576K
Event: 13.806 GC heap after
Heap after GC invocations=12 (full 1):
 PSYoungGen      total 82944K, used 699K [0x00000000e0000000, 0x00000000e5d00000, 0x0000000100000000)
  eden space 71680K, 0% used [0x00000000e0000000,0x00000000e0000000,0x00000000e4600000)
  from space 11264K, 6% used [0x00000000e4600000,0x00000000e46aecb8,0x00000000e5100000)
  to   space 10752K, 0% used [0x00000000e5100000,0x00000000e5100000,0x00000000e5b80000)
 ParOldGen       total 59904K, used 18834K [0x00000000a0000000, 0x00000000a3a80000, 0x00000000e0000000)
  object space 59904K, 31% used [0x00000000a0000000,0x00000000a1264a20,0x00000000a3a80000)
 Metaspace       used 34637K, capacity 35404K, committed 35416K, reserved 1079296K
  class space    used 4887K, capacity 5112K, committed 5120K, reserved 1048576K
}
Event: 13.806 GC heap before
{Heap before GC invocations=13 (full 2):
 PSYoungGen      total 82944K, used 699K [0x00000000e0000000, 0x00000000e5d00000, 0x0000000100000000)
  eden space 71680K, 0% used [0x00000000e0000000,0x00000000e0000000,0x00000000e4600000)
  from space 11264K, 6% used [0x00000000e4600000,0x00000000e46aecb8,0x00000000e5100000)
  to   space 10752K, 0% used [0x00000000e5100000,0x00000000e5100000,0x00000000e5b80000)
 ParOldGen       total 59904K, used 18834K [0x00000000a0000000, 0x00000000a3a80000, 0x00000000e0000000)
  object space 59904K, 31% used [0x00000000a0000000,0x00000000a1264a20,0x00000000a3a80000)
 Metaspace       used 34637K, capacity 35404K, committed 35416K, reserved 1079296K
  class space    used 4887K, capacity 5112K, committed 5120K, reserved 1048576K
Event: 13.977 GC heap after
Heap after GC invocations=13 (full 2):
 PSYoungGen      total 82944K, used 0K [0x00000000e0000000, 0x00000000e5d00000, 0x0000000100000000)
  eden space 71680K, 0% used [0x00000000e0000000,0x00000000e0000000,0x00000000e4600000)
  from space 11264K, 0% used [0x00000000e4600000,0x00000000e4600000,0x00000000e5100000)
  to   space 10752K, 0% used [0x00000000e5100000,0x00000000e5100000,0x00000000e5b80000)
 ParOldGen       total 59904K, used 17851K [0x00000000a0000000, 0x00000000a3a80000, 0x00000000e0000000)
  object space 59904K, 29% used [0x00000000a0000000,0x00000000a116ec18,0x00000000a3a80000)
 Metaspace       used 34637K, capacity 35404K, committed 35416K, reserved 1079296K
  class space    used 4887K, capacity 5112K, committed 5120K, reserved 1048576K
}
Event: 16.461 GC heap before
{Heap before GC invocations=14 (full 2):
 PSYoungGen      total 82944K, used 71680K [0x00000000e0000000, 0x00000000e5d00000, 0x0000000100000000)
  eden space 71680K, 100% used [0x00000000e0000000,0x00000000e4600000,0x00000000e4600000)
  from space 11264K, 0% used [0x00000000e4600000,0x00000000e4600000,0x00000000e5100000)
  to   space 10752K, 0% used [0x00000000e5100000,0x00000000e5100000,0x00000000e5b80000)
 ParOldGen       total 59904K, used 17851K [0x00000000a0000000, 0x00000000a3a80000, 0x00000000e0000000)
  object space 59904K, 29% used [0x00000000a0000000,0x00000000a116ec18,0x00000000a3a80000)
 Metaspace       used 41418K, capacity 42568K, committed 42752K, reserved 1085440K
  class space    used 5752K, capacity 6072K, committed 6144K, reserved 1048576K
Event: 16.469 GC heap after
Heap after GC invocations=14 (full 2):
 PSYoungGen      total 82432K, used 8442K [0x00000000e0000000, 0x00000000e5d00000, 0x0000000100000000)
  eden space 71680K, 0% used [0x00000000e0000000,0x00000000e0000000,0x00000000e4600000)
  from space 10752K, 78% used [0x00000000e5100000,0x00000000e593e8e8,0x00000000e5b80000)
  to   space 11264K, 0% used [0x00000000e4600000,0x00000000e4600000,0x00000000e5100000)
 ParOldGen       total 59904K, used 17859K [0x00000000a0000000, 0x00000000a3a80000, 0x00000000e0000000)
  object space 59904K, 29% used [0x00000000a0000000,0x00000000a1170c18,0x00000000a3a80000)
 Metaspace       used 41418K, capacity 42568K, committed 42752K, reserved 1085440K
  class space    used 5752K, capacity 6072K, committed 6144K, reserved 1048576K
}

