# JRE version: Java(TM) SE Runtime Environment (8.0_131-b11) (build 1.8.0_131-b11)
# Java VM: Java HotSpot(TM) 64-Bit Server VM (25.131-b11 mixed mode windows-amd64 compressed oops)
Heap:
 PSYoungGen      total 76288K, used 64121K [0x00000000e0000000, 0x00000000e8080000, 0x0000000100000000)
  eden space 66560K, 83% used [0x00000000e0000000,0x00000000e36079c0,0x00000000e4100000)
  from space 9728K, 90% used [0x00000000e4b80000,0x00000000e5416bd0,0x00000000e5500000)
  to   space 10752K, 0% used [0x00000000e4100000,0x00000000e4100000,0x00000000e4b80000)
 ParOldGen       total 56320K, used 7260K [0x00000000a0000000, 0x00000000a3700000, 0x00000000e0000000)
  object space 56320K, 12% used [0x00000000a0000000,0x00000000a07173c8,0x00000000a3700000)
 Metaspace       used 34468K, capacity 35150K, committed 35328K, reserved 1079296K
  class space    used 4859K, capacity 5086K, committed 5120K, reserved 1048576K
GC Heap History (10 events):
Event: 3.513 GC heap before
{Heap before GC invocations=5 (full 0):
 PSYoungGen      total 38400K, used 38368K [0x00000000e0000000, 0x00000000e4b00000, 0x0000000100000000)
  eden space 33280K, 100% used [0x00000000e0000000,0x00000000e2080000,0x00000000e2080000)
  from space 5120K, 99% used [0x00000000e2580000,0x00000000e2a78020,0x00000000e2a80000)
  to   space 5120K, 0% used [0x00000000e2080000,0x00000000e2080000,0x00000000e2580000)
 ParOldGen       total 87552K, used 5042K [0x00000000a0000000, 0x00000000a5580000, 0x00000000e0000000)
  object space 87552K, 5% used [0x00000000a0000000,0x00000000a04ec9b0,0x00000000a5580000)
 Metaspace       used 19695K, capacity 20098K, committed 20352K, reserved 1067008K
  class space    used 2923K, capacity 3089K, committed 3200K, reserved 1048576K
Event: 3.532 GC heap after
Heap after GC invocations=5 (full 0):
 PSYoungGen      total 38400K, used 5108K [0x00000000e0000000, 0x00000000e5600000, 0x0000000100000000)
  eden space 33280K, 0% used [0x00000000e0000000,0x00000000e0000000,0x00000000e2080000)
  from space 5120K, 99% used [0x00000000e2080000,0x00000000e257d060,0x00000000e2580000)
  to   space 10752K, 0% used [0x00000000e4b80000,0x00000000e4b80000,0x00000000e5600000)
 ParOldGen       total 87552K, used 8946K [0x00000000a0000000, 0x00000000a5580000, 0x00000000e0000000)
  object space 87552K, 10% used [0x00000000a0000000,0x00000000a08bcb48,0x00000000a5580000)
 Metaspace       used 19695K, capacity 20098K, committed 20352K, reserved 1067008K
  class space    used 2923K, capacity 3089K, committed 3200K, reserved 1048576K
}
Event: 3.644 GC heap before
{Heap before GC invocations=6 (full 0):
 PSYoungGen      total 38400K, used 10745K [0x00000000e0000000, 0x00000000e5600000, 0x0000000100000000)
  eden space 33280K, 16% used [0x00000000e0000000,0x00000000e0581478,0x00000000e2080000)
  from space 5120K, 99% used [0x00000000e2080000,0x00000000e257d060,0x00000000e2580000)
  to   space 10752K, 0% used [0x00000000e4b80000,0x00000000e4b80000,0x00000000e5600000)
 ParOldGen       total 87552K, used 8946K [0x00000000a0000000, 0x00000000a5580000, 0x00000000e0000000)
  object space 87552K, 10% used [0x00000000a0000000,0x00000000a08bcb48,0x00000000a5580000)
 Metaspace       used 20653K, capacity 21058K, committed 21296K, reserved 1067008K
  class space    used 2983K, capacity 3153K, committed 3200K, reserved 1048576K
Event: 3.651 GC heap after
Heap after GC invocations=6 (full 0):
 PSYoungGen      total 76288K, used 6150K [0x00000000e0000000, 0x00000000e5500000, 0x0000000100000000)
  eden space 66560K, 0% used [0x00000000e0000000,0x00000000e0000000,0x00000000e4100000)
  from space 9728K, 63% used [0x00000000e4b80000,0x00000000e5181858,0x00000000e5500000)
  to   space 10240K, 0% used [0x00000000e4100000,0x00000000e4100000,0x00000000e4b00000)
 ParOldGen       total 87552K, used 8954K [0x00000000a0000000, 0x00000000a5580000, 0x00000000e0000000)
  object space 87552K, 10% used [0x00000000a0000000,0x00000000a08beb48,0x00000000a5580000)
 Metaspace       used 20653K, capacity 21058K, committed 21296K, reserved 1067008K
  class space    used 2983K, capacity 3153K, committed 3200K, reserved 1048576K
}
Event: 3.651 GC heap before
{Heap before GC invocations=7 (full 1):
 PSYoungGen      total 76288K, used 6150K [0x00000000e0000000, 0x00000000e5500000, 0x0000000100000000)
  eden space 66560K, 0% used [0x00000000e0000000,0x00000000e0000000,0x00000000e4100000)
  from space 9728K, 63% used [0x00000000e4b80000,0x00000000e5181858,0x00000000e5500000)
  to   space 10240K, 0% used [0x00000000e4100000,0x00000000e4100000,0x00000000e4b00000)
 ParOldGen       total 87552K, used 8954K [0x00000000a0000000, 0x00000000a5580000, 0x00000000e0000000)
  object space 87552K, 10% used [0x00000000a0000000,0x00000000a08beb48,0x00000000a5580000)
 Metaspace       used 20653K, capacity 21058K, committed 21296K, reserved 1067008K
  class space    used 2983K, capacity 3153K, committed 3200K, reserved 1048576K
Event: 3.698 GC heap after
Heap after GC invocations=7 (full 1):
 PSYoungGen      total 76288K, used 0K [0x00000000e0000000, 0x00000000e5500000, 0x0000000100000000)
  eden space 66560K, 0% used [0x00000000e0000000,0x00000000e0000000,0x00000000e4100000)
  from space 9728K, 0% used [0x00000000e4b80000,0x00000000e4b80000,0x00000000e5500000)
  to   space 10240K, 0% used [0x00000000e4100000,0x00000000e4100000,0x00000000e4b00000)
 ParOldGen       total 56320K, used 7244K [0x00000000a0000000, 0x00000000a3700000, 0x00000000e0000000)
  object space 56320K, 12% used [0x00000000a0000000,0x00000000a07133c8,0x00000000a3700000)
 Metaspace       used 20653K, capacity 21058K, committed 21296K, reserved 1067008K
  class space    used 2983K, capacity 3153K, committed 3200K, reserved 1048576K
}
Event: 5.048 GC heap before
{Heap before GC invocations=8 (full 1):
 PSYoungGen      total 76288K, used 66560K [0x00000000e0000000, 0x00000000e5500000, 0x0000000100000000)
  eden space 66560K, 100% used [0x00000000e0000000,0x00000000e4100000,0x00000000e4100000)
  from space 9728K, 0% used [0x00000000e4b80000,0x00000000e4b80000,0x00000000e5500000)
  to   space 10240K, 0% used [0x00000000e4100000,0x00000000e4100000,0x00000000e4b00000)
 ParOldGen       total 56320K, used 7244K [0x00000000a0000000, 0x00000000a3700000, 0x00000000e0000000)
  object space 56320K, 12% used [0x00000000a0000000,0x00000000a07133c8,0x00000000a3700000)
 Metaspace       used 28656K, capacity 29114K, committed 29568K, reserved 1075200K
  class space    used 3959K, capacity 4112K, committed 4224K, reserved 1048576K
Event: 5.066 GC heap after
Heap after GC invocations=8 (full 1):
 PSYoungGen      total 76800K, used 7761K [0x00000000e0000000, 0x00000000e5500000, 0x0000000100000000)
  eden space 66560K, 0% used [0x00000000e0000000,0x00000000e0000000,0x00000000e4100000)
  from space 10240K, 75% used [0x00000000e4100000,0x00000000e48947c0,0x00000000e4b00000)
  to   space 9728K, 0% used [0x00000000e4b80000,0x00000000e4b80000,0x00000000e5500000)
 ParOldGen       total 56320K, used 7252K [0x00000000a0000000, 0x00000000a3700000, 0x00000000e0000000)
  object space 56320K, 12% used [0x00000000a0000000,0x00000000a07153c8,0x00000000a3700000)
 Metaspace       used 28656K, capacity 29114K, committed 29568K, reserved 1075200K
  class space    used 3959K, capacity 4112K, committed 4224K, reserved 1048576K
}
Event: 5.907 GC heap before
{Heap before GC invocations=9 (full 1):
 PSYoungGen      total 76800K, used 74321K [0x00000000e0000000, 0x00000000e5500000, 0x0000000100000000)
  eden space 66560K, 100% used [0x00000000e0000000,0x00000000e4100000,0x00000000e4100000)
  from space 10240K, 75% used [0x00000000e4100000,0x00000000e48947c0,0x00000000e4b00000)
  to   space 9728K, 0% used [0x00000000e4b80000,0x00000000e4b80000,0x00000000e5500000)
 ParOldGen       total 56320K, used 7252K [0x00000000a0000000, 0x00000000a3700000, 0x00000000e0000000)
  object space 56320K, 12% used [0x00000000a0000000,0x00000000a07153c8,0x00000000a3700000)
 Metaspace       used 31489K, capacity 32016K, committed 32384K, reserved 1077248K
  class space    used 4437K, capacity 4633K, committed 4736K, reserved 1048576K
Event: 5.926 GC heap after
Heap after GC invocations=9 (full 1):
 PSYoungGen      total 76288K, used 8794K [0x00000000e0000000, 0x00000000e8080000, 0x0000000100000000)
  eden space 66560K, 0% used [0x00000000e0000000,0x00000000e0000000,0x00000000e4100000)
  from space 9728K, 90% used [0x00000000e4b80000,0x00000000e5416bd0,0x00000000e5500000)
  to   space 10752K, 0% used [0x00000000e4100000,0x00000000e4100000,0x00000000e4b80000)
 ParOldGen       total 56320K, used 7260K [0x00000000a0000000, 0x00000000a3700000, 0x00000000e0000000)
  object space 56320K, 12% used [0x00000000a0000000,0x00000000a07173c8,0x00000000a3700000)
 Metaspace       used 31489K, capacity 32016K, committed 32384K, reserved 1077248K
  class space    used 4437K, capacity 4633K, committed 4736K, reserved 1048576K
}

