# JRE version: Java(TM) SE Runtime Environment (8.0_131-b11) (build 1.8.0_131-b11)
# Java VM: Java HotSpot(TM) 64-Bit Server VM (25.131-b11 mixed mode windows-amd64 compressed oops)
Heap:
 PSYoungGen      total 77312K, used 40068K [0x00000000e0000000, 0x00000000e8680000, 0x0000000100000000)
  eden space 66560K, 48% used [0x00000000e0000000,0x00000000e1f67240,0x00000000e4100000)
  from space 10752K, 73% used [0x00000000e4100000,0x00000000e48b9ed0,0x00000000e4b80000)
  to   space 10752K, 0% used [0x00000000e7c00000,0x00000000e7c00000,0x00000000e8680000)
 ParOldGen       total 58368K, used 11380K [0x00000000a0000000, 0x00000000a3900000, 0x00000000e0000000)
  object space 58368K, 19% used [0x00000000a0000000,0x00000000a0b1d280,0x00000000a3900000)
 Metaspace       used 30525K, capacity 31020K, committed 31232K, reserved 1075200K
  class space    used 4341K, capacity 4537K, committed 4608K, reserved 1048576K
GC Heap History (10 events):
Event: 2.982 GC heap before
{Heap before GC invocations=4 (full 0):
 PSYoungGen      total 38400K, used 38391K [0x00000000e0000000, 0x00000000e2a80000, 0x0000000100000000)
  eden space 33280K, 100% used [0x00000000e0000000,0x00000000e2080000,0x00000000e2080000)
  from space 5120K, 99% used [0x00000000e2080000,0x00000000e257dc20,0x00000000e2580000)
  to   space 5120K, 0% used [0x00000000e2580000,0x00000000e2580000,0x00000000e2a80000)
 ParOldGen       total 87552K, used 1974K [0x00000000a0000000, 0x00000000a5580000, 0x00000000e0000000)
  object space 87552K, 2% used [0x00000000a0000000,0x00000000a01ed828,0x00000000a5580000)
 Metaspace       used 16437K, capacity 16796K, committed 16896K, reserved 1062912K
  class space    used 2407K, capacity 2554K, committed 2560K, reserved 1048576K
Event: 3.005 GC heap after
Heap after GC invocations=4 (full 0):
 PSYoungGen      total 38400K, used 5104K [0x00000000e0000000, 0x00000000e4b00000, 0x0000000100000000)
  eden space 33280K, 0% used [0x00000000e0000000,0x00000000e0000000,0x00000000e2080000)
  from space 5120K, 99% used [0x00000000e2580000,0x00000000e2a7c030,0x00000000e2a80000)
  to   space 5120K, 0% used [0x00000000e2080000,0x00000000e2080000,0x00000000e2580000)
 ParOldGen       total 87552K, used 5047K [0x00000000a0000000, 0x00000000a5580000, 0x00000000e0000000)
  object space 87552K, 5% used [0x00000000a0000000,0x00000000a04edd60,0x00000000a5580000)
 Metaspace       used 16437K, capacity 16796K, committed 16896K, reserved 1062912K
  class space    used 2407K, capacity 2554K, committed 2560K, reserved 1048576K
}
Event: 11.820 GC heap before
{Heap before GC invocations=5 (full 0):
 PSYoungGen      total 38400K, used 38384K [0x00000000e0000000, 0x00000000e4b00000, 0x0000000100000000)
  eden space 33280K, 100% used [0x00000000e0000000,0x00000000e2080000,0x00000000e2080000)
  from space 5120K, 99% used [0x00000000e2580000,0x00000000e2a7c030,0x00000000e2a80000)
  to   space 5120K, 0% used [0x00000000e2080000,0x00000000e2080000,0x00000000e2580000)
 ParOldGen       total 87552K, used 5047K [0x00000000a0000000, 0x00000000a5580000, 0x00000000e0000000)
  object space 87552K, 5% used [0x00000000a0000000,0x00000000a04edd60,0x00000000a5580000)
 Metaspace       used 19207K, capacity 19712K, committed 19968K, reserved 1067008K
  class space    used 2857K, capacity 3034K, committed 3072K, reserved 1048576K
Event: 11.829 GC heap after
Heap after GC invocations=5 (full 0):
 PSYoungGen      total 38400K, used 5104K [0x00000000e0000000, 0x00000000e5700000, 0x0000000100000000)
  eden space 33280K, 0% used [0x00000000e0000000,0x00000000e0000000,0x00000000e2080000)
  from space 5120K, 99% used [0x00000000e2080000,0x00000000e257c040,0x00000000e2580000)
  to   space 11264K, 0% used [0x00000000e4c00000,0x00000000e4c00000,0x00000000e5700000)
 ParOldGen       total 87552K, used 9549K [0x00000000a0000000, 0x00000000a5580000, 0x00000000e0000000)
  object space 87552K, 10% used [0x00000000a0000000,0x00000000a09535a0,0x00000000a5580000)
 Metaspace       used 19207K, capacity 19712K, committed 19968K, reserved 1067008K
  class space    used 2857K, capacity 3034K, committed 3072K, reserved 1048576K
}
Event: 12.353 GC heap before
{Heap before GC invocations=6 (full 0):
 PSYoungGen      total 38400K, used 17557K [0x00000000e0000000, 0x00000000e5700000, 0x0000000100000000)
  eden space 33280K, 37% used [0x00000000e0000000,0x00000000e0c295e0,0x00000000e2080000)
  from space 5120K, 99% used [0x00000000e2080000,0x00000000e257c040,0x00000000e2580000)
  to   space 11264K, 0% used [0x00000000e4c00000,0x00000000e4c00000,0x00000000e5700000)
 ParOldGen       total 87552K, used 9549K [0x00000000a0000000, 0x00000000a5580000, 0x00000000e0000000)
  object space 87552K, 10% used [0x00000000a0000000,0x00000000a09535a0,0x00000000a5580000)
 Metaspace       used 20641K, capacity 21166K, committed 21248K, reserved 1067008K
  class space    used 3069K, capacity 3262K, committed 3328K, reserved 1048576K
Event: 12.362 GC heap after
Heap after GC invocations=6 (full 0):
 PSYoungGen      total 76800K, used 6930K [0x00000000e0000000, 0x00000000e5600000, 0x0000000100000000)
  eden space 66560K, 0% used [0x00000000e0000000,0x00000000e0000000,0x00000000e4100000)
  from space 10240K, 67% used [0x00000000e4c00000,0x00000000e52c4b70,0x00000000e5600000)
  to   space 10752K, 0% used [0x00000000e4100000,0x00000000e4100000,0x00000000e4b80000)
 ParOldGen       total 87552K, used 9557K [0x00000000a0000000, 0x00000000a5580000, 0x00000000e0000000)
  object space 87552K, 10% used [0x00000000a0000000,0x00000000a09555a0,0x00000000a5580000)
 Metaspace       used 20641K, capacity 21166K, committed 21248K, reserved 1067008K
  class space    used 3069K, capacity 3262K, committed 3328K, reserved 1048576K
}
Event: 12.362 GC heap before
{Heap before GC invocations=7 (full 1):
 PSYoungGen      total 76800K, used 6930K [0x00000000e0000000, 0x00000000e5600000, 0x0000000100000000)
  eden space 66560K, 0% used [0x00000000e0000000,0x00000000e0000000,0x00000000e4100000)
  from space 10240K, 67% used [0x00000000e4c00000,0x00000000e52c4b70,0x00000000e5600000)
  to   space 10752K, 0% used [0x00000000e4100000,0x00000000e4100000,0x00000000e4b80000)
 ParOldGen       total 87552K, used 9557K [0x00000000a0000000, 0x00000000a5580000, 0x00000000e0000000)
  object space 87552K, 10% used [0x00000000a0000000,0x00000000a09555a0,0x00000000a5580000)
 Metaspace       used 20641K, capacity 21166K, committed 21248K, reserved 1067008K
  class space    used 3069K, capacity 3262K, committed 3328K, reserved 1048576K
Event: 12.419 GC heap after
Heap after GC invocations=7 (full 1):
 PSYoungGen      total 76800K, used 0K [0x00000000e0000000, 0x00000000e5600000, 0x0000000100000000)
  eden space 66560K, 0% used [0x00000000e0000000,0x00000000e0000000,0x00000000e4100000)
  from space 10240K, 0% used [0x00000000e4c00000,0x00000000e4c00000,0x00000000e5600000)
  to   space 10752K, 0% used [0x00000000e4100000,0x00000000e4100000,0x00000000e4b80000)
 ParOldGen       total 58368K, used 11372K [0x00000000a0000000, 0x00000000a3900000, 0x00000000e0000000)
  object space 58368K, 19% used [0x00000000a0000000,0x00000000a0b1b280,0x00000000a3900000)
 Metaspace       used 20641K, capacity 21166K, committed 21248K, reserved 1067008K
  class space    used 3069K, capacity 3262K, committed 3328K, reserved 1048576K
}
Event: 13.508 GC heap before
{Heap before GC invocations=8 (full 1):
 PSYoungGen      total 76800K, used 66560K [0x00000000e0000000, 0x00000000e5600000, 0x0000000100000000)
  eden space 66560K, 100% used [0x00000000e0000000,0x00000000e4100000,0x00000000e4100000)
  from space 10240K, 0% used [0x00000000e4c00000,0x00000000e4c00000,0x00000000e5600000)
  to   space 10752K, 0% used [0x00000000e4100000,0x00000000e4100000,0x00000000e4b80000)
 ParOldGen       total 58368K, used 11372K [0x00000000a0000000, 0x00000000a3900000, 0x00000000e0000000)
  object space 58368K, 19% used [0x00000000a0000000,0x00000000a0b1b280,0x00000000a3900000)
 Metaspace       used 28590K, capacity 29110K, committed 29312K, reserved 1075200K
  class space    used 4035K, capacity 4200K, committed 4224K, reserved 1048576K
Event: 13.517 GC heap after
Heap after GC invocations=8 (full 1):
 PSYoungGen      total 77312K, used 7911K [0x00000000e0000000, 0x00000000e8680000, 0x0000000100000000)
  eden space 66560K, 0% used [0x00000000e0000000,0x00000000e0000000,0x00000000e4100000)
  from space 10752K, 73% used [0x00000000e4100000,0x00000000e48b9ed0,0x00000000e4b80000)
  to   space 10752K, 0% used [0x00000000e7c00000,0x00000000e7c00000,0x00000000e8680000)
 ParOldGen       total 58368K, used 11380K [0x00000000a0000000, 0x00000000a3900000, 0x00000000e0000000)
  object space 58368K, 19% used [0x00000000a0000000,0x00000000a0b1d280,0x00000000a3900000)
 Metaspace       used 28590K, capacity 29110K, committed 29312K, reserved 1075200K
  class space    used 4035K, capacity 4200K, committed 4224K, reserved 1048576K
}

